<?xml version="1.0" encoding="UTF-8"?>
<!-- Generated by org.testng.reporters.JUnitReportReporter -->
<testsuite skipped="0" hostname="Maxo" name="tests.SearchProductTest" tests="1" failures="0" timestamp="2021-05-07T01:45:25 EET" time="5.190" errors="0">
  <testcase name="UserCanSearchForProduct" time="5.190" classname="tests.SearchProductTest"/>
  <system-out/>
</testsuite> <!-- tests.SearchProductTest -->
