<?xml version="1.0" encoding="UTF-8"?>
<!-- Generated by org.testng.reporters.JUnitReportReporter -->
<testsuite skipped="0" hostname="Maxo" name="tests.UserRegistrationWithDDTAndDataProvider" tests="2" failures="0" timestamp="2021-04-13T16:22:07 EET" time="27.817" errors="0">
  <testcase name="RegisterSuccessfully" time="12.341" classname="tests.UserRegistrationWithDDTAndDataProvider"/>
  <system-out/>
  <testcase name="RegisterSuccessfully" time="15.476" classname="tests.UserRegistrationWithDDTAndDataProvider"/>
  <system-out/>
</testsuite> <!-- tests.UserRegistrationWithDDTAndDataProvider -->
