<?xml version="1.0" encoding="UTF-8"?>
<!-- Generated by org.testng.reporters.JUnitReportReporter -->
<testsuite skipped="0" hostname="Maxo" name="tests.UserRegistrationTest" tests="3" failures="0" timestamp="2021-05-07T01:45:50 EET" time="8.588" errors="0">
  <testcase name="userCanLogin" time="2.534" classname="tests.UserRegistrationTest"/>
  <system-out/>
  <testcase name="userCanLogout" time="2.311" classname="tests.UserRegistrationTest"/>
  <system-out/>
  <testcase name="RegisterSuccessfully" time="3.743" classname="tests.UserRegistrationTest"/>
  <system-out/>
</testsuite> <!-- tests.UserRegistrationTest -->
