<?xml version="1.0" encoding="UTF-8"?>
<!-- Generated by org.testng.reporters.JUnitReportReporter -->
<testsuite skipped="0" hostname="Maxo" name="tests.UserRegistrationTestWithDDTAndJSON" tests="1" failures="0" timestamp="2021-04-17T03:53:43 EET" time="12.728" errors="0">
  <testcase name="RegisterSuccessfully" time="12.728" classname="tests.UserRegistrationTestWithDDTAndJSON"/>
  <system-out/>
</testsuite> <!-- tests.UserRegistrationTestWithDDTAndJSON -->
