<?xml version="1.0" encoding="UTF-8"?>
<!-- Generated by org.testng.reporters.JUnitReportReporter -->
<testsuite skipped="0" hostname="Maxo" name="tests.UserRegistrationWithDDTAndExcel" tests="4" failures="0" timestamp="2021-04-14T18:09:14 EET" time="63.748" errors="0">
  <testcase name="RegisterSuccessfully" time="22.746" classname="tests.UserRegistrationWithDDTAndExcel"/>
  <system-out/>
  <testcase name="RegisterSuccessfully" time="13.174" classname="tests.UserRegistrationWithDDTAndExcel"/>
  <system-out/>
  <testcase name="RegisterSuccessfully" time="8.697" classname="tests.UserRegistrationWithDDTAndExcel"/>
  <system-out/>
  <testcase name="RegisterSuccessfully" time="19.131" classname="tests.UserRegistrationWithDDTAndExcel"/>
  <system-out/>
</testsuite> <!-- tests.UserRegistrationWithDDTAndExcel -->
