<?xml version="1.0" encoding="UTF-8"?>
<!-- Generated by org.testng.reporters.JUnitReportReporter -->
<testsuite skipped="0" hostname="Maxo" name="tests.UserRegistrationWithJavaFaker" tests="3" failures="0" timestamp="2021-04-17T04:16:12 EET" time="10.210" errors="0">
  <testcase name="userCanLogin" time="3.396" classname="tests.UserRegistrationWithJavaFaker"/>
  <system-out/>
  <testcase name="userCanLogout" time="1.698" classname="tests.UserRegistrationWithJavaFaker"/>
  <system-out/>
  <testcase name="RegisterSuccessfully" time="5.116" classname="tests.UserRegistrationWithJavaFaker"/>
  <system-out/>
</testsuite> <!-- tests.UserRegistrationWithJavaFaker -->
