<?xml version="1.0" encoding="UTF-8"?>
<!-- Generated by org.testng.reporters.JUnitReportReporter -->
<testsuite skipped="0" hostname="Maxo" name="tests.ChangeCurrncyTest" tests="1" failures="0" timestamp="2021-04-12T19:55:06 EET" time="8.976" errors="0">
  <testcase name="userCanChangeCurrency" time="8.976" classname="tests.ChangeCurrncyTest"/>
  <system-out/>
</testsuite> <!-- tests.ChangeCurrncyTest -->
