<?xml version="1.0" encoding="UTF-8"?>
<!-- Generated by org.testng.reporters.JUnitReportReporter -->
<testsuite skipped="0" hostname="Maxo" name="tests.AddProductToWishlistTest" tests="1" failures="0" timestamp="2021-04-12T19:55:06 EET" time="10.255" errors="0">
  <testcase name="UserCanSelectFromList" time="10.255" classname="tests.AddProductToWishlistTest"/>
  <system-out/>
</testsuite> <!-- tests.AddProductToWishlistTest -->
