<?xml version="1.0" encoding="UTF-8"?>
<!-- Generated by org.testng.reporters.JUnitReportReporter -->
<testsuite skipped="0" hostname="Maxo" name="tests.ProductHoverMenuTest" tests="1" failures="0" timestamp="2021-04-12T19:55:06 EET" time="3.240" errors="0">
  <testcase name="UserCanSelectSubCategoryFromMainMenu" time="3.240" classname="tests.ProductHoverMenuTest"/>
  <system-out/>
</testsuite> <!-- tests.ProductHoverMenuTest -->
