<?xml version="1.0" encoding="UTF-8"?>
<!-- Generated by org.testng.reporters.JUnitReportReporter -->
<testsuite skipped="0" hostname="Maxo" name="tests.SearchProductTest" tests="1" failures="0" timestamp="2021-04-12T19:55:06 EET" time="68.705" errors="0">
  <testcase name="UserCanSearchForProduct" time="68.705" classname="tests.SearchProductTest"/>
  <system-out/>
</testsuite> <!-- tests.SearchProductTest -->
