<?xml version="1.0" encoding="UTF-8"?>
<!-- Generated by org.testng.reporters.JUnitReportReporter -->
<testsuite skipped="0" hostname="Maxo" name="tests.ContactUsTest" tests="1" failures="0" timestamp="2021-04-12T19:55:06 EET" time="11.160" errors="0">
  <testcase name="UserCanUseContactUs" time="11.160" classname="tests.ContactUsTest"/>
  <system-out/>
</testsuite> <!-- tests.ContactUsTest -->
