<?xml version="1.0" encoding="UTF-8"?>
<!-- Generated by org.testng.reporters.JUnitReportReporter -->
<testsuite skipped="0" hostname="Maxo" name="tests.SearchUsingAutoSuggestTest" tests="1" failures="0" timestamp="2021-04-12T19:55:06 EET" time="4.963" errors="0">
  <testcase name="UserCanSelectFromList" time="4.963" classname="tests.SearchUsingAutoSuggestTest"/>
  <system-out/>
</testsuite> <!-- tests.SearchUsingAutoSuggestTest -->
