<?xml version="1.0" encoding="UTF-8"?>
<!-- Generated by org.testng.reporters.JUnitReportReporter -->
<testsuite skipped="0" hostname="Maxo" name="tests.SendEmailToFriendTest" tests="1" failures="0" timestamp="2021-04-12T19:55:06 EET" time="15.528" errors="0">
  <testcase name="sendEmailToFriend" time="15.528" classname="tests.SendEmailToFriendTest"/>
  <system-out/>
</testsuite> <!-- tests.SendEmailToFriendTest -->
